1741599044.024279 client started (24086): version 3.5a, socket /run/user/1000/tmux-1000/default, protocol 8
1741599044.024406 on Linux 6.13.5 #1-NixOS SMP PREEMPT_DYNAMIC Thu Feb 27 12:34:22 UTC 2025
1741599044.024438 using libevent 2.1.12-stable poll
1741599044.024476 using utf8proc 2.10.0
1741599044.024501 using ncurses 6.5 20240427
1741599044.024574 flags are 0x10010000
1741599044.024630 socket is /run/user/1000/tmux-1000/default
1741599044.024686 trying connect
1741599044.025060 add peer 0x2b83c130: 6 ((nil))
1741599044.026247 sending message 111 to peer 0x2b83c130 (8 bytes)
1741599044.026335 sending message 111 to peer 0x2b83c130 (8 bytes)
1741599044.026362 sending message 101 to peer 0x2b83c130 (16 bytes)
1741599044.026388 sending message 109 to peer 0x2b83c130 (4 bytes)
1741599044.026412 sending message 102 to peer 0x2b83c130 (11 bytes)
1741599044.026436 sending message 108 to peer 0x2b83c130 (26 bytes)
1741599044.026461 sending message 112 to peer 0x2b83c130 (70 bytes)
1741599044.026486 sending message 112 to peer 0x2b83c130 (5 bytes)
1741599044.026510 sending message 112 to peer 0x2b83c130 (5 bytes)
1741599044.026534 sending message 112 to peer 0x2b83c130 (6 bytes)
1741599044.026558 sending message 112 to peer 0x2b83c130 (6 bytes)
1741599044.026585 sending message 112 to peer 0x2b83c130 (11 bytes)
1741599044.026611 sending message 112 to peer 0x2b83c130 (10 bytes)
1741599044.026635 sending message 112 to peer 0x2b83c130 (13 bytes)
1741599044.026661 sending message 112 to peer 0x2b83c130 (13 bytes)
1741599044.026686 sending message 112 to peer 0x2b83c130 (18 bytes)
1741599044.026750 sending message 112 to peer 0x2b83c130 (11 bytes)
1741599044.026774 sending message 112 to peer 0x2b83c130 (21 bytes)
1741599044.026800 sending message 112 to peer 0x2b83c130 (13 bytes)
1741599044.026825 sending message 112 to peer 0x2b83c130 (7 bytes)
1741599044.026850 sending message 112 to peer 0x2b83c130 (13 bytes)
1741599044.026875 sending message 112 to peer 0x2b83c130 (7 bytes)
1741599044.026901 sending message 112 to peer 0x2b83c130 (13 bytes)
1741599044.026926 sending message 112 to peer 0x2b83c130 (9 bytes)
1741599044.026952 sending message 112 to peer 0x2b83c130 (21 bytes)
1741599044.026978 sending message 112 to peer 0x2b83c130 (13 bytes)
1741599044.027003 sending message 112 to peer 0x2b83c130 (8 bytes)
1741599044.027028 sending message 112 to peer 0x2b83c130 (12 bytes)
1741599044.027053 sending message 112 to peer 0x2b83c130 (13 bytes)
1741599044.027079 sending message 112 to peer 0x2b83c130 (9 bytes)
1741599044.027104 sending message 112 to peer 0x2b83c130 (9 bytes)
1741599044.027129 sending message 112 to peer 0x2b83c130 (12 bytes)
1741599044.027154 sending message 112 to peer 0x2b83c130 (8 bytes)
1741599044.027179 sending message 112 to peer 0x2b83c130 (7 bytes)
1741599044.027204 sending message 112 to peer 0x2b83c130 (7 bytes)
1741599044.027230 sending message 112 to peer 0x2b83c130 (9 bytes)
1741599044.027255 sending message 112 to peer 0x2b83c130 (13 bytes)
1741599044.027280 sending message 112 to peer 0x2b83c130 (9 bytes)
1741599044.027305 sending message 112 to peer 0x2b83c130 (15 bytes)
1741599044.027331 sending message 112 to peer 0x2b83c130 (13 bytes)
1741599044.027356 sending message 112 to peer 0x2b83c130 (12 bytes)
1741599044.027381 sending message 112 to peer 0x2b83c130 (8 bytes)
1741599044.027406 sending message 112 to peer 0x2b83c130 (14 bytes)
1741599044.027432 sending message 112 to peer 0x2b83c130 (9 bytes)
1741599044.027457 sending message 112 to peer 0x2b83c130 (10 bytes)
1741599044.027482 sending message 112 to peer 0x2b83c130 (10 bytes)
1741599044.027508 sending message 112 to peer 0x2b83c130 (10 bytes)
1741599044.027533 sending message 112 to peer 0x2b83c130 (10 bytes)
1741599044.027558 sending message 112 to peer 0x2b83c130 (11 bytes)
1741599044.027584 sending message 112 to peer 0x2b83c130 (10 bytes)
1741599044.027609 sending message 112 to peer 0x2b83c130 (8 bytes)
1741599044.027634 sending message 112 to peer 0x2b83c130 (11 bytes)
1741599044.027659 sending message 112 to peer 0x2b83c130 (11 bytes)
1741599044.027784 sending message 112 to peer 0x2b83c130 (11 bytes)
1741599044.027819 sending message 112 to peer 0x2b83c130 (8 bytes)
1741599044.027844 sending message 112 to peer 0x2b83c130 (8 bytes)
1741599044.027870 sending message 112 to peer 0x2b83c130 (8 bytes)
1741599044.027896 sending message 112 to peer 0x2b83c130 (10 bytes)
1741599044.027922 sending message 112 to peer 0x2b83c130 (10 bytes)
1741599044.027947 sending message 112 to peer 0x2b83c130 (10 bytes)
1741599044.027972 sending message 112 to peer 0x2b83c130 (10 bytes)
1741599044.027998 sending message 112 to peer 0x2b83c130 (10 bytes)
1741599044.028023 sending message 112 to peer 0x2b83c130 (11 bytes)
1741599044.028049 sending message 112 to peer 0x2b83c130 (11 bytes)
1741599044.028074 sending message 112 to peer 0x2b83c130 (10 bytes)
1741599044.028100 sending message 112 to peer 0x2b83c130 (9 bytes)
1741599044.028125 sending message 112 to peer 0x2b83c130 (9 bytes)
1741599044.028150 sending message 112 to peer 0x2b83c130 (12 bytes)
1741599044.028174 sending message 112 to peer 0x2b83c130 (9 bytes)
1741599044.028199 sending message 112 to peer 0x2b83c130 (6 bytes)
1741599044.028223 sending message 112 to peer 0x2b83c130 (13 bytes)
1741599044.028248 sending message 112 to peer 0x2b83c130 (8 bytes)
1741599044.028272 sending message 112 to peer 0x2b83c130 (15 bytes)
1741599044.028298 sending message 112 to peer 0x2b83c130 (13 bytes)
1741599044.028324 sending message 112 to peer 0x2b83c130 (70 bytes)
1741599044.028350 sending message 112 to peer 0x2b83c130 (69 bytes)
1741599044.028375 sending message 112 to peer 0x2b83c130 (10 bytes)
1741599044.028401 sending message 112 to peer 0x2b83c130 (8 bytes)
1741599044.028427 sending message 112 to peer 0x2b83c130 (15 bytes)
1741599044.028451 sending message 112 to peer 0x2b83c130 (13 bytes)
1741599044.028475 sending message 112 to peer 0x2b83c130 (10 bytes)
1741599044.028499 sending message 112 to peer 0x2b83c130 (10 bytes)
1741599044.028523 sending message 112 to peer 0x2b83c130 (5 bytes)
1741599044.028548 sending message 112 to peer 0x2b83c130 (15 bytes)
1741599044.028574 sending message 104 to peer 0x2b83c130 (0 bytes)
1741599044.028600 sending message 110 to peer 0x2b83c130 (0 bytes)
1741599044.028626 sending message 107 to peer 0x2b83c130 (4 bytes)
1741599044.028651 sending message 105 to peer 0x2b83c130 (15 bytes)
1741599044.028675 sending message 105 to peer 0x2b83c130 (20 bytes)
1741599044.028721 sending message 105 to peer 0x2b83c130 (79 bytes)
1741599044.028753 sending message 105 to peer 0x2b83c130 (54 bytes)
1741599044.028778 sending message 105 to peer 0x2b83c130 (23 bytes)
1741599044.028804 sending message 105 to peer 0x2b83c130 (11 bytes)
1741599044.028828 sending message 105 to peer 0x2b83c130 (12 bytes)
1741599044.028851 sending message 105 to peer 0x2b83c130 (92 bytes)
1741599044.028875 sending message 105 to peer 0x2b83c130 (95 bytes)
1741599044.028898 sending message 105 to peer 0x2b83c130 (96 bytes)
1741599044.028921 sending message 105 to peer 0x2b83c130 (84 bytes)
1741599044.028945 sending message 105 to peer 0x2b83c130 (14 bytes)
1741599044.028969 sending message 105 to peer 0x2b83c130 (954 bytes)
1741599044.028994 sending message 105 to peer 0x2b83c130 (71 bytes)
1741599044.029018 sending message 105 to peer 0x2b83c130 (16 bytes)
1741599044.029041 sending message 105 to peer 0x2b83c130 (43 bytes)
1741599044.029065 sending message 105 to peer 0x2b83c130 (575 bytes)
1741599044.029089 sending message 105 to peer 0x2b83c130 (47 bytes)
1741599044.029112 sending message 105 to peer 0x2b83c130 (23 bytes)
1741599044.029136 sending message 105 to peer 0x2b83c130 (28 bytes)
1741599044.029160 sending message 105 to peer 0x2b83c130 (22 bytes)
1741599044.029183 sending message 105 to peer 0x2b83c130 (21 bytes)
1741599044.029206 sending message 105 to peer 0x2b83c130 (22 bytes)
1741599044.029229 sending message 105 to peer 0x2b83c130 (36 bytes)
1741599044.029253 sending message 105 to peer 0x2b83c130 (27 bytes)
1741599044.029276 sending message 105 to peer 0x2b83c130 (33 bytes)
1741599044.029299 sending message 105 to peer 0x2b83c130 (31 bytes)
1741599044.029342 sending message 105 to peer 0x2b83c130 (23 bytes)
1741599044.029366 sending message 105 to peer 0x2b83c130 (129 bytes)
1741599044.029390 sending message 105 to peer 0x2b83c130 (17 bytes)
1741599044.029413 sending message 105 to peer 0x2b83c130 (10 bytes)
1741599044.029436 sending message 105 to peer 0x2b83c130 (23 bytes)
1741599044.029459 sending message 105 to peer 0x2b83c130 (30 bytes)
1741599044.029482 sending message 105 to peer 0x2b83c130 (27 bytes)
1741599044.029505 sending message 105 to peer 0x2b83c130 (24 bytes)
1741599044.029528 sending message 105 to peer 0x2b83c130 (20 bytes)
1741599044.029551 sending message 105 to peer 0x2b83c130 (23 bytes)
1741599044.029574 sending message 105 to peer 0x2b83c130 (21 bytes)
1741599044.029596 sending message 105 to peer 0x2b83c130 (25 bytes)
1741599044.029619 sending message 105 to peer 0x2b83c130 (20 bytes)
1741599044.029644 sending message 105 to peer 0x2b83c130 (31 bytes)
1741599044.029667 sending message 105 to peer 0x2b83c130 (72 bytes)
1741599044.029720 sending message 105 to peer 0x2b83c130 (296 bytes)
1741599044.029753 sending message 105 to peer 0x2b83c130 (64 bytes)
1741599044.029778 sending message 105 to peer 0x2b83c130 (112 bytes)
1741599044.029804 sending message 105 to peer 0x2b83c130 (13 bytes)
1741599044.029827 sending message 105 to peer 0x2b83c130 (16 bytes)
1741599044.029851 sending message 105 to peer 0x2b83c130 (140 bytes)
1741599044.029876 sending message 105 to peer 0x2b83c130 (51 bytes)
1741599044.029900 sending message 105 to peer 0x2b83c130 (43 bytes)
1741599044.029928 sending message 105 to peer 0x2b83c130 (11313 bytes)
1741599044.030020 sending message 105 to peer 0x2b83c130 (76 bytes)
1741599044.030047 sending message 105 to peer 0x2b83c130 (232 bytes)
1741599044.030073 sending message 105 to peer 0x2b83c130 (57 bytes)
1741599044.030098 sending message 105 to peer 0x2b83c130 (83 bytes)
1741599044.030121 sending message 105 to peer 0x2b83c130 (15 bytes)
1741599044.030146 sending message 105 to peer 0x2b83c130 (33 bytes)
1741599044.030172 sending message 105 to peer 0x2b83c130 (11 bytes)
1741599044.030195 sending message 105 to peer 0x2b83c130 (50 bytes)
1741599044.030220 sending message 105 to peer 0x2b83c130 (274 bytes)
1741599044.030244 sending message 105 to peer 0x2b83c130 (13 bytes)
1741599044.030271 sending message 105 to peer 0x2b83c130 (30 bytes)
1741599044.030297 sending message 105 to peer 0x2b83c130 (711 bytes)
1741599044.030324 sending message 105 to peer 0x2b83c130 (408 bytes)
1741599044.030350 sending message 105 to peer 0x2b83c130 (30 bytes)
1741599044.030376 sending message 105 to peer 0x2b83c130 (11040 bytes)
1741599044.030406 sending message 105 to peer 0x2b83c130 (23 bytes)
1741599044.030431 sending message 105 to peer 0x2b83c130 (33 bytes)
1741599044.030456 sending message 105 to peer 0x2b83c130 (76 bytes)
1741599044.030480 sending message 105 to peer 0x2b83c130 (37 bytes)
1741599044.030505 sending message 105 to peer 0x2b83c130 (50 bytes)
1741599044.030530 sending message 105 to peer 0x2b83c130 (103 bytes)
1741599044.030555 sending message 105 to peer 0x2b83c130 (13 bytes)
1741599044.030580 sending message 105 to peer 0x2b83c130 (22 bytes)
1741599044.030605 sending message 105 to peer 0x2b83c130 (21 bytes)
1741599044.030630 sending message 105 to peer 0x2b83c130 (353 bytes)
1741599044.030655 sending message 105 to peer 0x2b83c130 (18 bytes)
1741599044.030680 sending message 105 to peer 0x2b83c130 (26 bytes)
1741599044.030730 sending message 105 to peer 0x2b83c130 (45 bytes)
1741599044.030762 sending message 105 to peer 0x2b83c130 (13 bytes)
1741599044.030787 sending message 105 to peer 0x2b83c130 (27 bytes)
1741599044.030812 sending message 105 to peer 0x2b83c130 (20 bytes)
1741599044.030836 sending message 105 to peer 0x2b83c130 (10 bytes)
1741599044.030861 sending message 105 to peer 0x2b83c130 (26 bytes)
1741599044.030886 sending message 105 to peer 0x2b83c130 (11 bytes)
1741599044.030911 sending message 105 to peer 0x2b83c130 (39 bytes)
1741599044.030936 sending message 105 to peer 0x2b83c130 (877 bytes)
1741599044.030980 sending message 105 to peer 0x2b83c130 (938 bytes)
1741599044.031007 sending message 105 to peer 0x2b83c130 (24 bytes)
1741599044.031035 sending message 105 to peer 0x2b83c130 (35 bytes)
1741599044.031061 sending message 105 to peer 0x2b83c130 (39 bytes)
1741599044.031087 sending message 105 to peer 0x2b83c130 (38 bytes)
1741599044.031113 sending message 105 to peer 0x2b83c130 (31 bytes)
1741599044.031137 sending message 105 to peer 0x2b83c130 (33 bytes)
1741599044.031163 sending message 105 to peer 0x2b83c130 (24 bytes)
1741599044.031188 sending message 105 to peer 0x2b83c130 (31 bytes)
1741599044.031214 sending message 105 to peer 0x2b83c130 (37 bytes)
1741599044.031239 sending message 105 to peer 0x2b83c130 (38 bytes)
1741599044.031263 sending message 105 to peer 0x2b83c130 (31 bytes)
1741599044.031288 sending message 105 to peer 0x2b83c130 (15 bytes)
1741599044.031313 sending message 105 to peer 0x2b83c130 (52 bytes)
1741599044.031337 sending message 105 to peer 0x2b83c130 (23 bytes)
1741599044.031363 sending message 105 to peer 0x2b83c130 (24 bytes)
1741599044.031389 sending message 105 to peer 0x2b83c130 (17 bytes)
1741599044.031415 sending message 105 to peer 0x2b83c130 (58 bytes)
1741599044.031441 sending message 105 to peer 0x2b83c130 (25 bytes)
1741599044.031466 sending message 105 to peer 0x2b83c130 (39 bytes)
1741599044.031490 sending message 105 to peer 0x2b83c130 (33 bytes)
1741599044.031515 sending message 105 to peer 0x2b83c130 (11 bytes)
1741599044.031539 sending message 105 to peer 0x2b83c130 (22 bytes)
1741599044.031564 sending message 105 to peer 0x2b83c130 (24 bytes)
1741599044.031590 sending message 105 to peer 0x2b83c130 (44 bytes)
1741599044.031618 sending message 105 to peer 0x2b83c130 (25 bytes)
1741599044.031644 sending message 105 to peer 0x2b83c130 (29 bytes)
1741599044.031669 sending message 105 to peer 0x2b83c130 (31 bytes)
1741599044.031722 sending message 105 to peer 0x2b83c130 (17 bytes)
1741599044.031756 sending message 105 to peer 0x2b83c130 (8 bytes)
1741599044.031783 sending message 105 to peer 0x2b83c130 (85 bytes)
1741599044.031809 sending message 105 to peer 0x2b83c130 (8 bytes)
1741599044.031835 sending message 105 to peer 0x2b83c130 (32 bytes)
1741599044.031861 sending message 105 to peer 0x2b83c130 (1905 bytes)
1741599044.031889 sending message 105 to peer 0x2b83c130 (10 bytes)
1741599044.031914 sending message 105 to peer 0x2b83c130 (24 bytes)
1741599044.031939 sending message 105 to peer 0x2b83c130 (12 bytes)
1741599044.031964 sending message 105 to peer 0x2b83c130 (20 bytes)
1741599044.031988 sending message 105 to peer 0x2b83c130 (34 bytes)
1741599044.032013 sending message 106 to peer 0x2b83c130 (0 bytes)
1741599044.032223 sending message 200 to peer 0x2b83c130 (4 bytes)
1741599044.032251 client loop enter
1741599044.040588 peer 0x2b83c130 message 303
1741599044.040674 open write file 2 -
1741599044.040765 sending message 305 to peer 0x2b83c130 (8 bytes)
1741599044.040854 write check file 2
1741599044.041793 peer 0x2b83c130 message 304
1741599044.041884 write 58 to file 2
1741599044.041926 peer 0x2b83c130 message 203
1741599044.041957 file 2 58 bytes left
1741599044.042029 write check file 2
1741599044.042056 client loop exit
